[Sun Oct 19 11:28:43 CEST 2025] === Storage Management System Started ===
[Sun Oct 19 11:28:43 CEST 2025] Added task: Move pallets from A to B
[Sun Oct 19 11:28:43 CEST 2025] Added task: Load goods to truck dock C
[Sun Oct 19 11:28:43 CEST 2025] Added task: Inspect temperature sensors
[Sun Oct 19 11:28:43 CEST 2025] Assigned Move pallets from A to B to V001
[Sun Oct 19 11:28:43 CEST 2025] Assigned Load goods to truck dock C to V002
[Sun Oct 19 11:28:43 CEST 2025] System check complete. All vehicles operational.
[Sun Oct 19 11:29:03 CEST 2025] === Storage Management System Started ===
[Sun Oct 19 11:29:03 CEST 2025] Added task: Move pallets from A to B
[Sun Oct 19 11:29:03 CEST 2025] Added task: Load goods to truck dock C
[Sun Oct 19 11:29:03 CEST 2025] Added task: Inspect temperature sensors
[Sun Oct 19 11:29:03 CEST 2025] Assigned Move pallets from A to B to V001
[Sun Oct 19 11:29:03 CEST 2025] Assigned Load goods to truck dock C to V002
[Sun Oct 19 11:29:03 CEST 2025] System check complete. All vehicles operational.
[Sun Oct 19 11:31:10 CEST 2025] === Storage Management System Started ===
[Sun Oct 19 11:31:10 CEST 2025] Added task: Move pallets from A to B
[Sun Oct 19 11:31:10 CEST 2025] Added task: Load goods to truck dock C
[Sun Oct 19 11:31:10 CEST 2025] Added task: Inspect temperature sensors
[Sun Oct 19 11:31:10 CEST 2025] Assigned Move pallets from A to B to V001
[Sun Oct 19 11:31:10 CEST 2025] Assigned Load goods to truck dock C to V002
[Sun Oct 19 11:31:10 CEST 2025] System check complete. All vehicles operational.
[Sun Oct 19 11:31:43 CEST 2025] === Storage Management System Started ===
[Sun Oct 19 11:31:43 CEST 2025] Added task: Move pallets from A to B
[Sun Oct 19 11:31:43 CEST 2025] Added task: Load goods to truck dock C
[Sun Oct 19 11:31:43 CEST 2025] Added task: Inspect temperature sensors
[Sun Oct 19 11:31:43 CEST 2025] Assigned Move pallets from A to B to V001
[Sun Oct 19 11:31:43 CEST 2025] Assigned Load goods to truck dock C to V002
[Sun Oct 19 11:31:43 CEST 2025] System check complete. All vehicles operational.
[Sun Oct 19 11:35:02 CEST 2025] === Storage Management System Started ===
[Sun Oct 19 11:35:02 CEST 2025] Added task: Move pallets from A to B
[Sun Oct 19 11:35:02 CEST 2025] Added task: Load goods to truck dock C
[Sun Oct 19 11:35:02 CEST 2025] Added task: Inspect temperature sensors
[Sun Oct 19 11:35:02 CEST 2025] Assigned Move pallets from A to B to V001
[Sun Oct 19 11:35:02 CEST 2025] Assigned Load goods to truck dock C to V002
[Sun Oct 19 11:35:02 CEST 2025] System check complete. All vehicles operational.
[Sun Oct 19 12:02:58 CEST 2025] === Storage Management System Started ===
[Sun Oct 19 12:02:58 CEST 2025] Added task: Move pallets from A to B
[Sun Oct 19 12:02:58 CEST 2025] Added task: Load goods to truck dock C
[Sun Oct 19 12:02:58 CEST 2025] Added task: Inspect temperature sensors
[Sun Oct 19 12:02:58 CEST 2025] Assigned Move pallets from A to B to V001
[Sun Oct 19 12:02:58 CEST 2025] Assigned Load goods to truck dock C to V002
[Sun Oct 19 12:02:58 CEST 2025] System check complete. All vehicles operational.
[Sun Oct 19 12:03:13 CEST 2025] === Storage Management System Started ===
[Sun Oct 19 12:03:13 CEST 2025] Added task: Move pallets from A to B
[Sun Oct 19 12:03:13 CEST 2025] Added task: Load goods to truck dock C
[Sun Oct 19 12:03:13 CEST 2025] Added task: Inspect temperature sensors
[Sun Oct 19 12:03:13 CEST 2025] Assigned Move pallets from A to B to V001
[Sun Oct 19 12:03:13 CEST 2025] Assigned Load goods to truck dock C to V002
[Sun Oct 19 12:03:13 CEST 2025] System check complete. All vehicles operational.
