[Sun Oct 26 17:31:46 CET 2025] === Storage Management System Started ===
[Sun Oct 26 17:31:46 CET 2025] Added task: Move pallets from A to B
[Sun Oct 26 17:31:46 CET 2025] Added task: Load goods to truck dock C
[Sun Oct 26 17:31:46 CET 2025] Added task: Inspect temperature sensors
[Sun Oct 26 17:31:46 CET 2025] Assigned task 'Move pallets from A to B' to V001
[Sun Oct 26 17:31:46 CET 2025] Assigned task 'Load goods to truck dock C' to V002
[Sun Oct 26 17:31:46 CET 2025] System check complete. All vehicles operational.
[Sun Oct 26 17:32:54 CET 2025] === Storage Management System Started ===
[Sun Oct 26 17:32:54 CET 2025] Added task: Move pallets from A to B
[Sun Oct 26 17:32:54 CET 2025] Added task: Load goods to truck dock C
[Sun Oct 26 17:32:54 CET 2025] Added task: Inspect temperature sensors
[Sun Oct 26 17:32:54 CET 2025] Assigned task 'Move pallets from A to B' to V001
[Sun Oct 26 17:32:54 CET 2025] Assigned task 'Load goods to truck dock C' to V002
[Sun Oct 26 17:32:54 CET 2025] System check complete. All vehicles operational.
[Sun Oct 26 17:37:20 CET 2025] === Storage Management System Started ===
[Sun Oct 26 17:37:20 CET 2025] Added task: Move pallets from A to B
[Sun Oct 26 17:37:20 CET 2025] Added task: Load goods to truck dock C
[Sun Oct 26 17:37:20 CET 2025] Added task: Inspect temperature sensors
[Sun Oct 26 17:37:20 CET 2025] Assigned task 'Move pallets from A to B' to V001
[Sun Oct 26 17:37:20 CET 2025] Assigned task 'Load goods to truck dock C' to V002
[Sun Oct 26 17:37:20 CET 2025] System check complete. All vehicles operational.
