[Tue Oct 21 20:54:30 CEST 2025] === Storage Management System Started ===
[Tue Oct 21 20:54:30 CEST 2025] Added task: Move pallets from A to B
[Tue Oct 21 20:54:30 CEST 2025] Added task: Load goods to truck dock C
[Tue Oct 21 20:54:30 CEST 2025] Added task: Inspect temperature sensors
[Tue Oct 21 20:54:30 CEST 2025] Assigned Move pallets from A to B to V001
[Tue Oct 21 20:54:30 CEST 2025] Assigned Load goods to truck dock C to V002
[Tue Oct 21 20:54:30 CEST 2025] System check complete. All vehicles operational.
[Tue Oct 21 20:57:44 CEST 2025] === Storage Management System Started ===
[Tue Oct 21 20:57:44 CEST 2025] Added task: Move pallets from A to B
[Tue Oct 21 20:57:44 CEST 2025] Added task: Load goods to truck dock C
[Tue Oct 21 20:57:44 CEST 2025] Added task: Inspect temperature sensors
[Tue Oct 21 20:57:44 CEST 2025] Assigned task 'Move pallets from A to B' to V001
[Tue Oct 21 20:57:44 CEST 2025] Assigned task 'Load goods to truck dock C' to V002
[Tue Oct 21 20:57:44 CEST 2025] System check complete. All vehicles operational.
[Tue Oct 21 20:58:07 CEST 2025] === Storage Management System Started ===
[Tue Oct 21 20:58:07 CEST 2025] Added task: Move pallets from A to B
[Tue Oct 21 20:58:07 CEST 2025] Added task: Load goods to truck dock C
[Tue Oct 21 20:58:07 CEST 2025] Added task: Inspect temperature sensors
[Tue Oct 21 20:58:07 CEST 2025] Assigned task 'Move pallets from A to B' to V001
[Tue Oct 21 20:58:07 CEST 2025] Assigned task 'Load goods to truck dock C' to V002
[Tue Oct 21 20:58:07 CEST 2025] System check complete. All vehicles operational.
[Tue Oct 21 20:58:32 CEST 2025] === Storage Management System Started ===
[Tue Oct 21 20:58:32 CEST 2025] Added task: Move pallets from A to B
[Tue Oct 21 20:58:32 CEST 2025] Added task: Load goods to truck dock C
[Tue Oct 21 20:58:32 CEST 2025] Added task: Inspect temperature sensors
[Tue Oct 21 20:58:32 CEST 2025] Assigned task 'Move pallets from A to B' to V001
[Tue Oct 21 20:58:32 CEST 2025] Assigned task 'Load goods to truck dock C' to V002
[Tue Oct 21 20:58:32 CEST 2025] System check complete. All vehicles operational.
