[Sat Oct 25 20:55:49 CEST 2025] === Storage Management System Started ===
[Sat Oct 25 20:55:49 CEST 2025] Added task: Move pallets from A to B
[Sat Oct 25 20:55:49 CEST 2025] Added task: Load goods to truck dock C
[Sat Oct 25 20:55:49 CEST 2025] Added task: Inspect temperature sensors
[Sat Oct 25 20:55:49 CEST 2025] Assigned task 'Move pallets from A to B' to V001
[Sat Oct 25 20:55:49 CEST 2025] Assigned task 'Load goods to truck dock C' to V002
[Sat Oct 25 20:55:49 CEST 2025] System check complete. All vehicles operational.
[Sat Oct 25 20:58:33 CEST 2025] === Storage Management System Started ===
[Sat Oct 25 20:58:33 CEST 2025] Added task: Move pallets from A to B
[Sat Oct 25 20:58:33 CEST 2025] Added task: Load goods to truck dock C
[Sat Oct 25 20:58:33 CEST 2025] Added task: Inspect temperature sensors
[Sat Oct 25 20:58:33 CEST 2025] Assigned task 'Move pallets from A to B' to V001
[Sat Oct 25 20:58:33 CEST 2025] Assigned task 'Load goods to truck dock C' to V002
[Sat Oct 25 20:58:33 CEST 2025] System check complete. All vehicles operational.
[Sat Oct 25 20:59:08 CEST 2025] === Storage Management System Started ===
[Sat Oct 25 20:59:09 CEST 2025] Added task: Move pallets from A to B
[Sat Oct 25 20:59:09 CEST 2025] Added task: Load goods to truck dock C
[Sat Oct 25 20:59:09 CEST 2025] Added task: Inspect temperature sensors
[Sat Oct 25 20:59:09 CEST 2025] Assigned task 'Move pallets from A to B' to V001
[Sat Oct 25 20:59:09 CEST 2025] Assigned task 'Load goods to truck dock C' to V002
[Sat Oct 25 20:59:09 CEST 2025] System check complete. All vehicles operational.
